<?xml version="1.0" encoding="UTF-8"?>
<testng-results ignored="0" total="1" passed="1" failed="0" skipped="0">
  <reporter-output>
  </reporter-output>
  <suite started-at="2025-10-03T21:38:11 IST" name="Default suite" finished-at="2025-10-03T21:38:13 IST" duration-ms="2384">
    <groups>
    </groups>
    <test started-at="2025-10-03T21:38:11 IST" name="Default test" finished-at="2025-10-03T21:38:13 IST" duration-ms="2384">
      <class name="tests.PurchaseTest">
        <test-method is-config="true" signature="setup()[pri:0, instance:tests.PurchaseTest@55f616cf]" started-at="2025-10-03T21:38:11 IST" name="setup" finished-at="2025-10-03T21:38:12 IST" duration-ms="1033" status="PASS">
          <reporter-output>
          </reporter-output>
        </test-method> <!-- setup -->
        <test-method signature="testPurchaseFlow()[pri:0, instance:tests.PurchaseTest@55f616cf]" started-at="2025-10-03T21:38:12 IST" name="testPurchaseFlow" finished-at="2025-10-03T21:38:13 IST" duration-ms="1323" status="PASS">
          <reporter-output>
          </reporter-output>
        </test-method> <!-- testPurchaseFlow -->
        <test-method is-config="true" signature="tearDown(org.testng.ITestResult)[pri:0, instance:tests.PurchaseTest@55f616cf]" started-at="2025-10-03T21:38:13 IST" name="tearDown" finished-at="2025-10-03T21:38:13 IST" duration-ms="1" status="PASS">
          <params>
            <param index="0">
              <value>
                <![CDATA[[TestResult name=testPurchaseFlow status=SUCCESS method=PurchaseTest.testPurchaseFlow()[pri:0, instance:tests.PurchaseTest@55f616cf] output={null}]]]>
              </value>
            </param>
          </params>
          <reporter-output>
          </reporter-output>
        </test-method> <!-- tearDown -->
      </class> <!-- tests.PurchaseTest -->
    </test> <!-- Default test -->
  </suite> <!-- Default suite -->
</testng-results>
